BMA-Android/app/build/intermediates/manifest_merge_blame_file/debug/manifest-merger-blame-debug-report.txt
1<?xml version="1.0" encoding="utf-8"?>
2<manifest xmlns:android="http://schemas.android.com/apk/res/android"
3    package="com.bma.android"
4    android:versionCode="1"
5    android:versionName="1.0" >
6
7    <uses-sdk
8        android:minSdkVersion="24"
9        android:targetSdkVersion="34" />
10
11    <!-- Internet permission for streaming -->
12    <uses-permission android:name="android.permission.INTERNET" />
12-->src/main/AndroidManifest.xml:6:5-67
12-->src/main/AndroidManifest.xml:6:22-64
13
14    <!-- Foreground service permission for background playback -->
15    <uses-permission android:name="android.permission.FOREGROUND_SERVICE" />
15-->src/main/AndroidManifest.xml:9:5-77
15-->src/main/AndroidManifest.xml:9:22-74
16
17    <!-- Media playback foreground service permission (Android 14+) -->
18    <uses-permission android:name="android.permission.FOREGROUND_SERVICE_MEDIA_PLAYBACK" />
18-->src/main/AndroidManifest.xml:12:5-92
18-->src/main/AndroidManifest.xml:12:22-89
19
20    <!-- Camera permission for QR code scanning -->
21    <uses-permission android:name="android.permission.CAMERA" />
21-->src/main/AndroidManifest.xml:15:5-65
21-->src/main/AndroidManifest.xml:15:22-62
22
23    <!-- Notification permission for Android 13+ -->
24    <uses-permission android:name="android.permission.POST_NOTIFICATIONS" />
24-->src/main/AndroidManifest.xml:18:5-77
24-->src/main/AndroidManifest.xml:18:22-74
25
26    <!-- Network state permission to check connectivity -->
27    <uses-permission android:name="android.permission.ACCESS_NETWORK_STATE" />
27-->src/main/AndroidManifest.xml:21:5-79
27-->src/main/AndroidManifest.xml:21:22-76
28
29    <!-- Storage permissions for downloading music files -->
30    <uses-permission android:name="android.permission.READ_EXTERNAL_STORAGE" />
30-->src/main/AndroidManifest.xml:24:5-80
30-->src/main/AndroidManifest.xml:24:22-77
31    <uses-permission
31-->src/main/AndroidManifest.xml:25:5-26:51
32        android:name="android.permission.WRITE_EXTERNAL_STORAGE"
32-->src/main/AndroidManifest.xml:25:22-78
33        android:maxSdkVersion="29" />
33-->src/main/AndroidManifest.xml:26:22-48
34
35    <!-- For Android 13+ granular media permissions -->
36    <uses-permission android:name="android.permission.READ_MEDIA_AUDIO" />
36-->src/main/AndroidManifest.xml:29:5-75
36-->src/main/AndroidManifest.xml:29:22-72
37    <uses-permission android:name="android.permission.READ_MEDIA_IMAGES" />
37-->src/main/AndroidManifest.xml:30:5-76
37-->src/main/AndroidManifest.xml:30:22-73
38    <uses-permission android:name="android.permission.READ_MEDIA_VIDEO" />
38-->src/main/AndroidManifest.xml:31:5-75
38-->src/main/AndroidManifest.xml:31:22-72
39
40    <!-- For Android 11+ "All Files" access - needed for full SAF directory access -->
41    <uses-permission android:name="android.permission.MANAGE_EXTERNAL_STORAGE" />
41-->src/main/AndroidManifest.xml:34:5-82
41-->src/main/AndroidManifest.xml:34:22-79
42    <uses-permission android:name="android.permission.QUERY_ALL_PACKAGES" />
42-->src/main/AndroidManifest.xml:36:5-77
42-->src/main/AndroidManifest.xml:36:22-74
43    <uses-permission android:name="android.permission.BIND_VPN_SERVICE" />
43-->src/main/AndroidManifest.xml:37:5-75
43-->src/main/AndroidManifest.xml:37:22-72
44    <uses-permission android:name="android.permission.GET_TASKS" />
44-->src/main/AndroidManifest.xml:38:5-68
44-->src/main/AndroidManifest.xml:38:22-65
45
46    <uses-feature android:name="android.hardware.camera" />
46-->src/main/AndroidManifest.xml:40:5-60
46-->src/main/AndroidManifest.xml:40:19-57
47
48    <permission
48-->[androidx.core:core:1.9.0] AndroidManifest.xml:22:5-24:47
49        android:name="com.bma.android.DYNAMIC_RECEIVER_NOT_EXPORTED_PERMISSION"
49-->[androidx.core:core:1.9.0] AndroidManifest.xml:23:9-81
50        android:protectionLevel="signature" />
50-->[androidx.core:core:1.9.0] AndroidManifest.xml:24:9-44
51
52    <uses-permission android:name="com.bma.android.DYNAMIC_RECEIVER_NOT_EXPORTED_PERMISSION" />
52-->[androidx.core:core:1.9.0] AndroidManifest.xml:26:5-97
52-->[androidx.core:core:1.9.0] AndroidManifest.xml:26:22-94
53
54    <application
54-->src/main/AndroidManifest.xml:42:5-95:19
55        android:allowBackup="true"
55-->src/main/AndroidManifest.xml:43:9-35
56        android:appComponentFactory="androidx.core.app.CoreComponentFactory"
56-->[androidx.core:core:1.9.0] AndroidManifest.xml:28:18-86
57        android:dataExtractionRules="@xml/data_extraction_rules"
57-->src/main/AndroidManifest.xml:44:9-65
58        android:debuggable="true"
59        android:extractNativeLibs="false"
60        android:fullBackupContent="@xml/backup_rules"
60-->src/main/AndroidManifest.xml:45:9-54
61        android:icon="@drawable/ic_launcher_foreground"
61-->src/main/AndroidManifest.xml:51:9-56
62        android:label="@string/app_name"
62-->src/main/AndroidManifest.xml:46:9-41
63        android:networkSecurityConfig="@xml/network_security_config"
63-->src/main/AndroidManifest.xml:50:9-69
64        android:roundIcon="@drawable/ic_launcher_foreground"
64-->src/main/AndroidManifest.xml:52:9-61
65        android:supportsRtl="true"
65-->src/main/AndroidManifest.xml:47:9-35
66        android:testOnly="true"
67        android:theme="@style/Theme.BMA"
67-->src/main/AndroidManifest.xml:48:9-41
68        android:usesCleartextTraffic="true" >
68-->src/main/AndroidManifest.xml:49:9-44
69        <activity
69-->src/main/AndroidManifest.xml:55:9-63:20
70            android:name="com.bma.android.setup.SetupActivity"
70-->src/main/AndroidManifest.xml:56:13-48
71            android:exported="true"
71-->src/main/AndroidManifest.xml:57:13-36
72            android:screenOrientation="portrait" >
72-->src/main/AndroidManifest.xml:58:13-49
73            <intent-filter>
73-->src/main/AndroidManifest.xml:59:13-62:29
74                <action android:name="android.intent.action.MAIN" />
74-->src/main/AndroidManifest.xml:60:17-69
74-->src/main/AndroidManifest.xml:60:25-66
75
76                <category android:name="android.intent.category.LAUNCHER" />
76-->src/main/AndroidManifest.xml:61:17-77
76-->src/main/AndroidManifest.xml:61:27-74
77            </intent-filter>
78        </activity>
79        <activity
79-->src/main/AndroidManifest.xml:65:9-67:40
80            android:name="com.bma.android.MainActivity"
80-->src/main/AndroidManifest.xml:66:13-41
81            android:exported="false" />
81-->src/main/AndroidManifest.xml:67:13-37
82        <activity
82-->src/main/AndroidManifest.xml:69:9-71:40
83            android:name="com.bma.android.PlayerActivity"
83-->src/main/AndroidManifest.xml:70:13-43
84            android:exported="false" />
84-->src/main/AndroidManifest.xml:71:13-37
85        <activity
85-->src/main/AndroidManifest.xml:73:9-75:40
86            android:name="com.bma.android.QueueActivity"
86-->src/main/AndroidManifest.xml:74:13-42
87            android:exported="false" />
87-->src/main/AndroidManifest.xml:75:13-37
88        <activity
88-->src/main/AndroidManifest.xml:77:9-79:40
89            android:name="com.bma.android.AlbumDetailActivity"
89-->src/main/AndroidManifest.xml:78:13-48
90            android:exported="false" />
90-->src/main/AndroidManifest.xml:79:13-37
91        <activity
91-->src/main/AndroidManifest.xml:81:9-83:52
92            android:name="com.bma.android.QRScannerActivity"
92-->src/main/AndroidManifest.xml:82:13-46
93            android:screenOrientation="portrait" />
93-->src/main/AndroidManifest.xml:83:13-49
94        <activity
94-->src/main/AndroidManifest.xml:85:9-88:58
95            android:name="com.bma.android.ui.downloads.DownloadSelectionActivity"
95-->src/main/AndroidManifest.xml:86:13-67
96            android:exported="false"
96-->src/main/AndroidManifest.xml:87:13-37
97            android:parentActivityName="com.bma.android.MainActivity" />
97-->src/main/AndroidManifest.xml:88:13-55
98
99        <service
99-->src/main/AndroidManifest.xml:90:9-93:61
100            android:name="com.bma.android.MusicService"
100-->src/main/AndroidManifest.xml:91:13-41
101            android:exported="false"
101-->src/main/AndroidManifest.xml:92:13-37
102            android:foregroundServiceType="mediaPlayback" />
102-->src/main/AndroidManifest.xml:93:13-58
103
104        <!--
105        Service for holding metadata. Cannot be instantiated.
106        Metadata will be merged from other manifests.
107        -->
108        <service
108-->[androidx.camera:camera-core:1.3.1] AndroidManifest.xml:29:9-33:78
109            android:name="androidx.camera.core.impl.MetadataHolderService"
109-->[androidx.camera:camera-core:1.3.1] AndroidManifest.xml:30:13-75
110            android:enabled="false"
110-->[androidx.camera:camera-core:1.3.1] AndroidManifest.xml:31:13-36
111            android:exported="false" >
111-->[androidx.camera:camera-core:1.3.1] AndroidManifest.xml:32:13-37
112            <meta-data
112-->[androidx.camera:camera-camera2:1.3.1] AndroidManifest.xml:30:13-32:89
113                android:name="androidx.camera.core.impl.MetadataHolderService.DEFAULT_CONFIG_PROVIDER"
113-->[androidx.camera:camera-camera2:1.3.1] AndroidManifest.xml:31:17-103
114                android:value="androidx.camera.camera2.Camera2Config$DefaultProvider" />
114-->[androidx.camera:camera-camera2:1.3.1] AndroidManifest.xml:32:17-86
115        </service>
116        <service
116-->[com.google.android.gms:play-services-mlkit-barcode-scanning:18.3.0] AndroidManifest.xml:9:9-15:19
117            android:name="com.google.mlkit.common.internal.MlKitComponentDiscoveryService"
117-->[com.google.android.gms:play-services-mlkit-barcode-scanning:18.3.0] AndroidManifest.xml:10:13-91
118            android:directBootAware="true"
118-->[com.google.mlkit:common:18.9.0] AndroidManifest.xml:17:13-43
119            android:exported="false" >
119-->[com.google.android.gms:play-services-mlkit-barcode-scanning:18.3.0] AndroidManifest.xml:11:13-37
120            <meta-data
120-->[com.google.android.gms:play-services-mlkit-barcode-scanning:18.3.0] AndroidManifest.xml:12:13-14:85
121                android:name="com.google.firebase.components:com.google.mlkit.vision.barcode.internal.BarcodeRegistrar"
121-->[com.google.android.gms:play-services-mlkit-barcode-scanning:18.3.0] AndroidManifest.xml:13:17-120
122                android:value="com.google.firebase.components.ComponentRegistrar" />
122-->[com.google.android.gms:play-services-mlkit-barcode-scanning:18.3.0] AndroidManifest.xml:14:17-82
123            <meta-data
123-->[com.google.mlkit:vision-common:17.3.0] AndroidManifest.xml:12:13-14:85
124                android:name="com.google.firebase.components:com.google.mlkit.vision.common.internal.VisionCommonRegistrar"
124-->[com.google.mlkit:vision-common:17.3.0] AndroidManifest.xml:13:17-124
125                android:value="com.google.firebase.components.ComponentRegistrar" />
125-->[com.google.mlkit:vision-common:17.3.0] AndroidManifest.xml:14:17-82
126            <meta-data
126-->[com.google.mlkit:common:18.9.0] AndroidManifest.xml:20:13-22:85
127                android:name="com.google.firebase.components:com.google.mlkit.common.internal.CommonComponentRegistrar"
127-->[com.google.mlkit:common:18.9.0] AndroidManifest.xml:21:17-120
128                android:value="com.google.firebase.components.ComponentRegistrar" />
128-->[com.google.mlkit:common:18.9.0] AndroidManifest.xml:22:17-82
129        </service>
130
131        <provider
131-->[com.google.mlkit:common:18.9.0] AndroidManifest.xml:9:9-13:38
132            android:name="com.google.mlkit.common.internal.MlKitInitProvider"
132-->[com.google.mlkit:common:18.9.0] AndroidManifest.xml:10:13-78
133            android:authorities="com.bma.android.mlkitinitprovider"
133-->[com.google.mlkit:common:18.9.0] AndroidManifest.xml:11:13-69
134            android:exported="false"
134-->[com.google.mlkit:common:18.9.0] AndroidManifest.xml:12:13-37
135            android:initOrder="99" />
135-->[com.google.mlkit:common:18.9.0] AndroidManifest.xml:13:13-35
136
137        <activity
137-->[com.google.android.gms:play-services-base:18.1.0] AndroidManifest.xml:20:9-22:45
138            android:name="com.google.android.gms.common.api.GoogleApiActivity"
138-->[com.google.android.gms:play-services-base:18.1.0] AndroidManifest.xml:20:19-85
139            android:exported="false"
139-->[com.google.android.gms:play-services-base:18.1.0] AndroidManifest.xml:22:19-43
140            android:theme="@android:style/Theme.Translucent.NoTitleBar" />
140-->[com.google.android.gms:play-services-base:18.1.0] AndroidManifest.xml:21:19-78
141
142        <meta-data
142-->[com.google.android.gms:play-services-basement:18.1.0] AndroidManifest.xml:21:9-23:69
143            android:name="com.google.android.gms.version"
143-->[com.google.android.gms:play-services-basement:18.1.0] AndroidManifest.xml:22:13-58
144            android:value="@integer/google_play_services_version" />
144-->[com.google.android.gms:play-services-basement:18.1.0] AndroidManifest.xml:23:13-66
145
146        <provider
146-->[androidx.emoji2:emoji2:1.2.0] AndroidManifest.xml:24:9-32:20
147            android:name="androidx.startup.InitializationProvider"
147-->[androidx.emoji2:emoji2:1.2.0] AndroidManifest.xml:25:13-67
148            android:authorities="com.bma.android.androidx-startup"
148-->[androidx.emoji2:emoji2:1.2.0] AndroidManifest.xml:26:13-68
149            android:exported="false" >
149-->[androidx.emoji2:emoji2:1.2.0] AndroidManifest.xml:27:13-37
150            <meta-data
150-->[androidx.emoji2:emoji2:1.2.0] AndroidManifest.xml:29:13-31:52
151                android:name="androidx.emoji2.text.EmojiCompatInitializer"
151-->[androidx.emoji2:emoji2:1.2.0] AndroidManifest.xml:30:17-75
152                android:value="androidx.startup" />
152-->[androidx.emoji2:emoji2:1.2.0] AndroidManifest.xml:31:17-49
153            <meta-data
153-->[androidx.lifecycle:lifecycle-process:2.6.2] AndroidManifest.xml:29:13-31:52
154                android:name="androidx.lifecycle.ProcessLifecycleInitializer"
154-->[androidx.lifecycle:lifecycle-process:2.6.2] AndroidManifest.xml:30:17-78
155                android:value="androidx.startup" />
155-->[androidx.lifecycle:lifecycle-process:2.6.2] AndroidManifest.xml:31:17-49
156            <meta-data
156-->[androidx.profileinstaller:profileinstaller:1.3.0] AndroidManifest.xml:29:13-31:52
157                android:name="androidx.profileinstaller.ProfileInstallerInitializer"
157-->[androidx.profileinstaller:profileinstaller:1.3.0] AndroidManifest.xml:30:17-85
158                android:value="androidx.startup" />
158-->[androidx.profileinstaller:profileinstaller:1.3.0] AndroidManifest.xml:31:17-49
159        </provider>
160
161        <receiver
161-->[androidx.profileinstaller:profileinstaller:1.3.0] AndroidManifest.xml:34:9-52:20
162            android:name="androidx.profileinstaller.ProfileInstallReceiver"
162-->[androidx.profileinstaller:profileinstaller:1.3.0] AndroidManifest.xml:35:13-76
163            android:directBootAware="false"
163-->[androidx.profileinstaller:profileinstaller:1.3.0] AndroidManifest.xml:36:13-44
164            android:enabled="true"
164-->[androidx.profileinstaller:profileinstaller:1.3.0] AndroidManifest.xml:37:13-35
165            android:exported="true"
165-->[androidx.profileinstaller:profileinstaller:1.3.0] AndroidManifest.xml:38:13-36
166            android:permission="android.permission.DUMP" >
166-->[androidx.profileinstaller:profileinstaller:1.3.0] AndroidManifest.xml:39:13-57
167            <intent-filter>
167-->[androidx.profileinstaller:profileinstaller:1.3.0] AndroidManifest.xml:40:13-42:29
168                <action android:name="androidx.profileinstaller.action.INSTALL_PROFILE" />
168-->[androidx.profileinstaller:profileinstaller:1.3.0] AndroidManifest.xml:41:17-91
168-->[androidx.profileinstaller:profileinstaller:1.3.0] AndroidManifest.xml:41:25-88
169            </intent-filter>
170            <intent-filter>
170-->[androidx.profileinstaller:profileinstaller:1.3.0] AndroidManifest.xml:43:13-45:29
171                <action android:name="androidx.profileinstaller.action.SKIP_FILE" />
171-->[androidx.profileinstaller:profileinstaller:1.3.0] AndroidManifest.xml:44:17-85
171-->[androidx.profileinstaller:profileinstaller:1.3.0] AndroidManifest.xml:44:25-82
172            </intent-filter>
173            <intent-filter>
173-->[androidx.profileinstaller:profileinstaller:1.3.0] AndroidManifest.xml:46:13-48:29
174                <action android:name="androidx.profileinstaller.action.SAVE_PROFILE" />
174-->[androidx.profileinstaller:profileinstaller:1.3.0] AndroidManifest.xml:47:17-88
174-->[androidx.profileinstaller:profileinstaller:1.3.0] AndroidManifest.xml:47:25-85
175            </intent-filter>
176            <intent-filter>
176-->[androidx.profileinstaller:profileinstaller:1.3.0] AndroidManifest.xml:49:13-51:29
177                <action android:name="androidx.profileinstaller.action.BENCHMARK_OPERATION" />
177-->[androidx.profileinstaller:profileinstaller:1.3.0] AndroidManifest.xml:50:17-95
177-->[androidx.profileinstaller:profileinstaller:1.3.0] AndroidManifest.xml:50:25-92
178            </intent-filter>
179        </receiver>
180
181        <service
181-->[com.google.android.datatransport:transport-backend-cct:2.3.3] AndroidManifest.xml:29:9-35:19
182            android:name="com.google.android.datatransport.runtime.backends.TransportBackendDiscovery"
182-->[com.google.android.datatransport:transport-backend-cct:2.3.3] AndroidManifest.xml:30:13-103
183            android:exported="false" >
183-->[com.google.android.datatransport:transport-backend-cct:2.3.3] AndroidManifest.xml:31:13-37
184            <meta-data
184-->[com.google.android.datatransport:transport-backend-cct:2.3.3] AndroidManifest.xml:32:13-34:39
185                android:name="backend:com.google.android.datatransport.cct.CctBackendFactory"
185-->[com.google.android.datatransport:transport-backend-cct:2.3.3] AndroidManifest.xml:33:17-94
186                android:value="cct" />
186-->[com.google.android.datatransport:transport-backend-cct:2.3.3] AndroidManifest.xml:34:17-36
187        </service>
188        <service
188-->[com.google.android.datatransport:transport-runtime:2.2.6] AndroidManifest.xml:26:9-30:19
189            android:name="com.google.android.datatransport.runtime.scheduling.jobscheduling.JobInfoSchedulerService"
189-->[com.google.android.datatransport:transport-runtime:2.2.6] AndroidManifest.xml:27:13-117
190            android:exported="false"
190-->[com.google.android.datatransport:transport-runtime:2.2.6] AndroidManifest.xml:28:13-37
191            android:permission="android.permission.BIND_JOB_SERVICE" >
191-->[com.google.android.datatransport:transport-runtime:2.2.6] AndroidManifest.xml:29:13-69
192        </service>
193
194        <receiver
194-->[com.google.android.datatransport:transport-runtime:2.2.6] AndroidManifest.xml:32:9-34:40
195            android:name="com.google.android.datatransport.runtime.scheduling.jobscheduling.AlarmManagerSchedulerBroadcastReceiver"
195-->[com.google.android.datatransport:transport-runtime:2.2.6] AndroidManifest.xml:33:13-132
196            android:exported="false" />
196-->[com.google.android.datatransport:transport-runtime:2.2.6] AndroidManifest.xml:34:13-37
197    </application>
198
199</manifest>